

<!DOCTYPE html>
<html>
<head>
	<meta charset='utf-8' /> 
	<meta name='description' content='' />
	<meta name='robots' content='noodp, noydir' />
	<meta name='viewport' content='width=device-width, initial-scale=1' />
	<meta id="timeStampFormat" name="timeStampFormat" content='MMM d, yyyy hh:mm:ss a'/>
	
	<link href='https://fonts.googleapis.com/css?family=Source+Sans+Pro:400,600' rel='stylesheet' type='text/css' />
	<link href="https://fonts.googleapis.com/icon?family=Material+Icons" rel="stylesheet" />
	<link href='https://cdn.rawgit.com/extent-framework/extent-github-cdn/b65cd69/v3html/css/extent.css' type='text/css' rel='stylesheet' />
	
	<title>Automation Test Report</title>

	<style type='text/css'>
		/* json-tree */
		.jstBracket,.jstComma,.jstValue{white-space:pre-wrap}.jstValue{font-size:10px;font-weight:400;font-family:"Lucida Console",Monaco,monospace}.jstProperty{color:#666;word-wrap:break-word}.jstBool{color:#2525CC}.jstNum{color:#D036D0}.jstNull{color:gray}.jstStr{color:#2DB669}.jstFold:after{content:' -';cursor:pointer}.jstExpand{white-space:normal}.jstExpand:after{content:' +';cursor:pointer}.jstFolded{white-space:normal!important}.jstHiddenBlock{display:none}
	</style>
	
	<script type="text/javascript">
		/*! json-tree - v0.2.2 - 2017-09-25, MIT LICENSE */
		var JSONTree=function(){var n={"&":"&amp;","<":"&lt;",">":"&gt;",'"':"&quot;","'":"&#x27;","/":"&#x2F;"},t=0,r=0;this.create=function(n,t){return r+=1,N(u(n,0,!1),{class:"jstValue"})};var e=function(t){return t.replace(/[&<>'"]/g,function(t){return n[t]})},s=function(){return r+"_"+t++},u=function(n,t,r){if(null===n)return f(r?t:0);switch(typeof n){case"boolean":return l(n,r?t:0);case"number":return i(n,r?t:0);case"string":return o(n,r?t:0);default:return n instanceof Array?a(n,t,r):c(n,t,r)}},c=function(n,t,r){var e=s(),u=Object.keys(n).map(function(r){return j(r,n[r],t+1,!0)}).join(m()),c=[g("{",r?t:0,e),N(u,{id:e}),p("}",t)].join("\n");return N(c,{})},a=function(n,t,r){var e=s(),c=n.map(function(n){return u(n,t+1,!0)}).join(m());return[g("[",r?t:0,e),N(c,{id:e}),p("]",t)].join("\n")},o=function(n,t){var r=e(JSON.stringify(n));return N(v(r,t),{class:"jstStr"})},i=function(n,t){return N(v(n,t),{class:"jstNum"})},l=function(n,t){return N(v(n,t),{class:"jstBool"})},f=function(n){return N(v("null",n),{class:"jstNull"})},j=function(n,t,r){var s=v(e(JSON.stringify(n))+": ",r),c=N(u(t,r,!1),{});return N(s+c,{class:"jstProperty"})},m=function(){return N(",\n",{class:"jstComma"})},N=function(n,t){return d("span",t,n)},d=function(n,t,r){return"<"+n+Object.keys(t).map(function(n){return" "+n+'="'+t[n]+'"'}).join("")+">"+r+"</"+n+">"},g=function(n,t,r){return N(v(n,t),{class:"jstBracket"})+N("",{class:"jstFold",onclick:"JSONTree.toggle('"+r+"')"})};this.toggle=function(n){var t=document.getElementById(n),r=t.parentNode,e=t.previousElementSibling;""===t.className?(t.className="jstHiddenBlock",r.className="jstFolded",e.className="jstExpand"):(t.className="",r.className="",e.className="jstFold")};var p=function(n,t){return N(v(n,t),{})},v=function(n,t){return Array(2*t+1).join(" ")+n};return this}();
	</script>
</head>
	<body class='extent standard default hide-overflow '>
		<div id='theme-selector' alt='Click to toggle theme. To enable by default, use theme configuration.' title='Click to toggle theme. To enable by default, use theme configuration.'>
			<span><i class='material-icons'>desktop_windows</i></span>
		</div>
<nav>
	<div class="nav-wrapper">
		<a href="#!" class="brand-logo black"><img src="https://cdn.rawgit.com/extent-framework/extent-github-cdn/d74480e/commons/img/logo.png"></a>
		<!-- slideout menu -->
		<ul id='slide-out' class='side-nav fixed hide-on-med-and-down'>
			<li class='waves-effect active'><a href='#!' view='test-view' onclick="configureView(0);chartsView('test');"><i class='material-icons'>dashboard</i></a></li>
						<li class='waves-effect'><a href='#!' view='exception-view' onclick="configureView(2)"><i class='material-icons'>bug_report</i></a></li>
			<li class='waves-effect'><a href='#!' onclick="configureView(-1);chartsView('dashboard');" view='dashboard-view'><i class='material-icons'>track_changes</i></a></li>
		</ul>
		<!-- report name -->
		<span class='report-name'>New Folder Creation</span>
		<!-- report headline -->
		<span class='report-headline'></span>
		<!-- nav-right -->
		<ul id='nav-mobile' class='right hide-on-med-and-down nav-right'>
			<a href='#!'>
			<span class='label blue darken-3 suite-start-time'>Mar 3, 2021 02:47:48 PM</span>
			</a>
		</ul>
	</div>
</nav>		<!-- container -->
		<div class='container'>
<div id='test-view' class='view'>
	<section id='controls'>
		<div class='controls grey lighten-4'>
			<!-- test toggle -->
			<div class='chip transparent'>
				<a class='dropdown-button tests-toggle' data-activates='tests-toggle' data-constrainwidth='true' data-beloworigin='true' data-hover='true' href='#'>
				<i class='material-icons'>warning</i> Status
				</a>
				<ul id='tests-toggle' class='dropdown-content'>
										<li status='pass'><a href='#!'>Pass <i class='material-icons green-text'>check_circle</i></a></li>
					<li status='fail'><a href='#!'>Fail <i class='material-icons red-text'>cancel</i></a></li>
					<li class='divider'></li>
					<li status='clear' clear='true'><a href='#!'>Clear Filters <i class='material-icons'>clear</i></a></li>
				</ul>
			</div>
			<!-- test toggle -->
			<!-- category toggle -->
			<!-- category toggle -->
			<!-- clear filters -->
			<div class='chip transparent hide'>
				<a class='' id='clear-filters' alt='Clear Filters' title='Clear Filters'>
				<i class='material-icons'>close</i> Clear
				</a>
			</div>
			<!-- clear filters -->
			<!-- enable dashboard -->
			<div id='toggle-test-view-charts' class='chip transparent'>
				<a class='pink-text' id='enable-dashboard' alt='Enable Dashboard' title='Enable Dashboard'>
				<i class='material-icons'>track_changes</i> Dashboard
				</a>
			</div>
			<!-- enable dashboard -->
			<!-- search -->
			<div class='chip transparent' alt='Search Tests' title='Search Tests'>
				<a href="#" class='search-div'>
				<i class='material-icons'>search</i> Search
				</a>
				<div class='input-field left hide'>
					<input id='search-tests' type='text' class='validate browser-default' placeholder='Search Tests...'>
				</div>
			</div>
			<!-- search -->
		</div>
	</section>
<div id='test-view-charts' class='subview-full'>
    <div id='charts-row' class='row nm-v nm-h'>
        <div class='col s12 m6 l6 np-h'>
            <div class='card-panel nm-v'>
                <div class='left panel-name'>Tests</div>
                <div class='chart-box' style="max-height:94px;">
                    <canvas id='parent-analysis' width='90' height='70'></canvas>
                </div>
                <div class='block text-small'>
                    <span class='tooltipped' data-position='top' data-tooltip='50%'><span class='strong'>7</span> test(s) passed</span>
                </div>
                <div class='block text-small'>
                    <span class='strong tooltipped' data-position='top' data-tooltip='50%'>7</span> test(s) failed, <span class='strong tooltipped' data-position='top' data-tooltip='0%'>0</span> others
                </div>
            </div>
        </div>
        <div class='col s12 m6 l6 np-h'>
            <div class='card-panel nm-v'>
                <div class='left panel-name'>Steps</div>
                <div class='chart-box' style="max-height:94px;">
                    <canvas id='child-analysis' width='90' height='70'></canvas>
                </div>
                <div class='block text-small'>
                    <span class='tooltipped' data-position='top' data-tooltip='56.25%'><span class='strong'>9</span> step(s) passed</span>
                </div>
                <div class='block text-small'>
                    <span class='strong tooltipped' data-position='top' data-tooltip='43.75%'>7</span> step(s) failed, <span class='strong tooltipped' data-position='top' data-tooltip='0%'>0</span> others
                </div>
            </div>
        </div>
    </div>
    <div id="timeline-chart" class="row nm-v nm-h">
        <div class="col s12 m12 l12 np-h">
            <div class="card-panel">
                <div class='left panel-name'>Timeline (seconds)</div>
                <div class="chart-box" style="width:98%;max-height:145px;">
                    <canvas id="timeline" height="120"></canvas>
                </div>
            </div>
        </div>
    </div>
</div>	<div class='subview-left left'>
		<div class='view-summary'>
			<ul id='test-collection' class='test-collection'>
				<li class='test displayed active  pass' status='pass' bdd='false' test-id='1'>
					<div class='test-heading'>
						<span class='test-name'>Initialize</span>
						<span class='test-time'>Mar 3, 2021 02:47:48 PM</span>
						<span class='test-status right pass'>pass</span>
					</div>
					<div class='test-content hide'>
<div class='test-time-info'>
	<span class='label start-time'>Mar 3, 2021 02:47:48 PM</span>
	<span class='label end-time'>Mar 3, 2021 02:47:52 PM</span>
	<span class='label time-taken grey lighten-1 white-text'>0h 0m 3s+938ms</span>
</div>
<div class='test-steps'>
	<table class='bordered table-results'>
		<thead>
			<tr>
				<th>Status</th>
				<th>Timestamp</th>
				<th>Details</th>
			</tr>
		</thead>
		<tbody>
			<tr class='log' status='pass'>
				<td class='status pass' title='pass' alt='pass'><i class='material-icons'>check_circle</i></td>
				<td class='timestamp'>2:47:52 PM</td>
				<td class='step-details'>
						<span class='badge white-text green'>Initialize - test case is passed</span>
					
				</td>
			</tr>
		</tbody>
	</table>
</div>
					</div>
				</li>
				<li class='test displayed active has-leaf fail' status='fail' bdd='false' test-id='2'>
					<div class='test-heading'>
						<span class='test-name'>EntityUnitBrowser</span>
						<span class='test-time'>Mar 3, 2021 02:47:52 PM</span>
						<span class='test-status right fail'>fail</span>
					</div>
					<div class='test-content hide'>
<div class='test-time-info'>
	<span class='label start-time'>Mar 3, 2021 02:47:52 PM</span>
	<span class='label end-time'>Mar 3, 2021 02:58:08 PM</span>
	<span class='label time-taken grey lighten-1 white-text'>0h 10m 15s+396ms</span>
</div>
<div class='test-steps'>
	<table class='bordered table-results'>
		<thead>
			<tr>
				<th>Status</th>
				<th>Timestamp</th>
				<th>Details</th>
			</tr>
		</thead>
		<tbody>
			<tr class='log' status='fail'>
				<td class='status fail' title='fail' alt='fail'><i class='material-icons'>cancel</i></td>
				<td class='timestamp'>2:58:08 PM</td>
				<td class='step-details'>
						<span class='badge white-text red'>EntityUnitBrowser - test case is failed</span>
					
				</td>
			</tr>
			<tr class='log' status='fail'>
				<td class='status fail' title='fail' alt='fail'><i class='material-icons'>cancel</i></td>
				<td class='timestamp'>2:58:08 PM</td>
				<td class='step-details'>
						<span class='badge white-text red'>org.openqa.selenium.NoSuchFrameException: No frame element found by name or id app_frame_a01b96d5-d9c7-455c-98a9-b084156123ad
Build info: version: '3.141.59', revision: 'e82be7d358', time: '2018-11-14T08:17:03'
System info: host: 'USE2DEVP0672', ip: '10.178.164.5', os.name: 'Windows 10', os.arch: 'amd64', os.version: '10.0', java.version: '15.0.1'
Driver info: driver.version: unknown - test case failed</span>
					
				</td>
			</tr>
		</tbody>
	</table>
</div>
<ul class='collapsible node-list' data-collapsible='accordion'>
	<li class='node level-1 leaf pass' status='pass' test-id='3'>
		<div class='collapsible-header'>
			<div class='node-name'>Description: Entering UniversalID and Password.<br><< Screen Name : OneSource Login Page >></br></div>
			<span class='node-time'>Mar 3, 2021 02:47:52 PM</span>
			&middot; <span class='node-duration'>0h 0m 17s+879ms</span>
			<span class='test-status right pass'>pass</span>
		</div>
		<div class='collapsible-body'>
			<div class='node-steps'>
				<table class='bordered table-results'>
					<thead>
						<tr>
							<th>Status</th>
							<th>Timestamp</th>
							<th>Details</th>
						</tr>
					</thead>
					<tbody>
						<tr class='log' status='pass'>
							<td class='status pass' title='pass' alt='pass'><i class='material-icons'>check_circle</i></td>
							<td class='timestamp'>2:47:56 PM</td>
							<td class='step-details'>
									Clicked on English-US.
								
							</td>
						</tr>
						<tr class='log' status='pass'>
							<td class='status pass' title='pass' alt='pass'><i class='material-icons'>check_circle</i></td>
							<td class='timestamp'>2:47:59 PM</td>
							<td class='step-details'>
									UniversalID = Nidhi@rapidscripts.9i0.
								
							</td>
						</tr>
						<tr class='log' status='pass'>
							<td class='status pass' title='pass' alt='pass'><i class='material-icons'>check_circle</i></td>
							<td class='timestamp'>2:48:01 PM</td>
							<td class='step-details'>
									Password = Password@1.
								
							</td>
						</tr>
						<tr class='log' status='pass'>
							<td class='status pass' title='pass' alt='pass'><i class='material-icons'>check_circle</i></td>
							<td class='timestamp'>2:48:10 PM</td>
							<td class='step-details'>
									Clicked on SignIn.
								
							</td>
						</tr>
					</tbody>
				</table>
			</div>
		</div>
	</li>
	<li class='node level-1 leaf pass' status='pass' test-id='4'>
		<div class='collapsible-header'>
			<div class='node-name'>Description: Launching Entity Manager from Applications.<br><< Screen Name: OneSource Dashboard >></br></div>
			<span class='node-time'>Mar 3, 2021 02:48:10 PM</span>
			&middot; <span class='node-duration'>0h 0m 4s+577ms</span>
			<span class='test-status right pass'>pass</span>
		</div>
		<div class='collapsible-body'>
			<div class='node-steps'>
				<table class='bordered table-results'>
					<thead>
						<tr>
							<th>Status</th>
							<th>Timestamp</th>
							<th>Details</th>
						</tr>
					</thead>
					<tbody>
						<tr class='log' status='pass'>
							<td class='status pass' title='pass' alt='pass'><i class='material-icons'>check_circle</i></td>
							<td class='timestamp'>2:48:12 PM</td>
							<td class='step-details'>
									Clicked on Applications.
								
							</td>
						</tr>
						<tr class='log' status='pass'>
							<td class='status pass' title='pass' alt='pass'><i class='material-icons'>check_circle</i></td>
							<td class='timestamp'>2:48:15 PM</td>
							<td class='step-details'>
									Clicked on Entity Manager.
								
							</td>
						</tr>
					</tbody>
				</table>
			</div>
		</div>
	</li>
	<li class='node level-1 leaf pass' status='pass' test-id='5'>
		<div class='collapsible-header'>
			<div class='node-name'>Description: Verifying Search Fields<br><< Screen Name : LS1 Page >></br></div>
			<span class='node-time'>Mar 3, 2021 02:50:56 PM</span>
			&middot; <span class='node-duration'>0h 2m 42s+314ms</span>
			<span class='test-status right pass'>pass</span>
		</div>
		<div class='collapsible-body'>
			<div class='node-steps'>
				<table class='bordered table-results'>
					<thead>
						<tr>
							<th>Status</th>
							<th>Timestamp</th>
							<th>Details</th>
						</tr>
					</thead>
					<tbody>
						<tr class='log' status='pass'>
							<td class='status pass' title='pass' alt='pass'><i class='material-icons'>check_circle</i></td>
							<td class='timestamp'>2:50:58 PM</td>
							<td class='step-details'>
									Clicked on Splitter.
								
							</td>
						</tr>
						<tr class='log' status='pass'>
							<td class='status pass' title='pass' alt='pass'><i class='material-icons'>check_circle</i></td>
							<td class='timestamp'>2:51:13 PM</td>
							<td class='step-details'>
									Entity Name is Displayed.
								
							</td>
						</tr>
						<tr class='log' status='pass'>
							<td class='status pass' title='pass' alt='pass'><i class='material-icons'>check_circle</i></td>
							<td class='timestamp'>2:51:29 PM</td>
							<td class='step-details'>
									Entity ID is Displayed.
								
							</td>
						</tr>
						<tr class='log' status='pass'>
							<td class='status pass' title='pass' alt='pass'><i class='material-icons'>check_circle</i></td>
							<td class='timestamp'>2:51:44 PM</td>
							<td class='step-details'>
									Entity Type is Displayed.
								
							</td>
						</tr>
						<tr class='log' status='pass'>
							<td class='status pass' title='pass' alt='pass'><i class='material-icons'>check_circle</i></td>
							<td class='timestamp'>2:52:00 PM</td>
							<td class='step-details'>
									Status is Displayed.
								
							</td>
						</tr>
						<tr class='log' status='pass'>
							<td class='status pass' title='pass' alt='pass'><i class='material-icons'>check_circle</i></td>
							<td class='timestamp'>2:52:16 PM</td>
							<td class='step-details'>
									Locations is Displayed.
								
							</td>
						</tr>
						<tr class='log' status='pass'>
							<td class='status pass' title='pass' alt='pass'><i class='material-icons'>check_circle</i></td>
							<td class='timestamp'>2:52:31 PM</td>
							<td class='step-details'>
									Group Code is Displayed.
								
							</td>
						</tr>
						<tr class='log' status='pass'>
							<td class='status pass' title='pass' alt='pass'><i class='material-icons'>check_circle</i></td>
							<td class='timestamp'>2:52:46 PM</td>
							<td class='step-details'>
									Entity Group is Displayed.
								
							</td>
						</tr>
						<tr class='log' status='pass'>
							<td class='status pass' title='pass' alt='pass'><i class='material-icons'>check_circle</i></td>
							<td class='timestamp'>2:53:02 PM</td>
							<td class='step-details'>
									Archive is Displayed.
								
							</td>
						</tr>
						<tr class='log' status='pass'>
							<td class='status pass' title='pass' alt='pass'><i class='material-icons'>check_circle</i></td>
							<td class='timestamp'>2:53:17 PM</td>
							<td class='step-details'>
									PPOB State/Province is Displayed.
								
							</td>
						</tr>
						<tr class='log' status='pass'>
							<td class='status pass' title='pass' alt='pass'><i class='material-icons'>check_circle</i></td>
							<td class='timestamp'>2:53:33 PM</td>
							<td class='step-details'>
									PPOB Country/Region is Displayed.
								
							</td>
						</tr>
						<tr class='log' status='pass'>
							<td class='status pass' title='pass' alt='pass'><i class='material-icons'>check_circle</i></td>
							<td class='timestamp'>2:53:36 PM</td>
							<td class='step-details'>
									Clicked on Splitter.
								
							</td>
						</tr>
						<tr class='log' status='pass'>
							<td class='status pass' title='pass' alt='pass'><i class='material-icons'>check_circle</i></td>
							<td class='timestamp'>2:53:38 PM</td>
							<td class='step-details'>
									Clicked on Actions.
								
							</td>
						</tr>
					</tbody>
				</table>
			</div>
		</div>
	</li>
	<li class='node level-1 leaf pass' status='pass' test-id='6'>
		<div class='collapsible-header'>
			<div class='node-name'>Description: Action menu items Enabled<br><< Screen Name : LS1 Page >></br></div>
			<span class='node-time'>Mar 3, 2021 02:53:38 PM</span>
			&middot; <span class='node-duration'>0h 0m 3s+464ms</span>
			<span class='test-status right pass'>pass</span>
		</div>
		<div class='collapsible-body'>
			<div class='node-steps'>
				<table class='bordered table-results'>
					<thead>
						<tr>
							<th>Status</th>
							<th>Timestamp</th>
							<th>Details</th>
						</tr>
					</thead>
					<tbody>
						<tr class='log' status='pass'>
							<td class='status pass' title='pass' alt='pass'><i class='material-icons'>check_circle</i></td>
							<td class='timestamp'>2:53:38 PM</td>
							<td class='step-details'>
									Add New is enabled
								
							</td>
						</tr>
						<tr class='log' status='pass'>
							<td class='status pass' title='pass' alt='pass'><i class='material-icons'>check_circle</i></td>
							<td class='timestamp'>2:53:39 PM</td>
							<td class='step-details'>
									Import is enabled
								
							</td>
						</tr>
						<tr class='log' status='pass'>
							<td class='status pass' title='pass' alt='pass'><i class='material-icons'>check_circle</i></td>
							<td class='timestamp'>2:53:40 PM</td>
							<td class='step-details'>
									Export is enabled
								
							</td>
						</tr>
						<tr class='log' status='pass'>
							<td class='status pass' title='pass' alt='pass'><i class='material-icons'>check_circle</i></td>
							<td class='timestamp'>2:53:41 PM</td>
							<td class='step-details'>
									Export Templates is enabled
								
							</td>
						</tr>
						<tr class='log' status='pass'>
							<td class='status pass' title='pass' alt='pass'><i class='material-icons'>check_circle</i></td>
							<td class='timestamp'>2:53:41 PM</td>
							<td class='step-details'>
									Customize View is enabled
								
							</td>
						</tr>
						<tr class='log' status='pass'>
							<td class='status pass' title='pass' alt='pass'><i class='material-icons'>check_circle</i></td>
							<td class='timestamp'>2:53:41 PM</td>
							<td class='step-details'>
									Save Preferences is enabled
								
							</td>
						</tr>
						<tr class='log' status='pass'>
							<td class='status pass' title='pass' alt='pass'><i class='material-icons'>check_circle</i></td>
							<td class='timestamp'>2:53:41 PM</td>
							<td class='step-details'>
									Save Preferences for All is enabled
								
							</td>
						</tr>
					</tbody>
				</table>
			</div>
		</div>
	</li>
	<li class='node level-1 leaf pass' status='pass' test-id='7'>
		<div class='collapsible-header'>
			<div class='node-name'>Description: Action menu items Disabled<br><< Screen Name : LS1 Page >></br></div>
			<span class='node-time'>Mar 3, 2021 02:53:41 PM</span>
			&middot; <span class='node-duration'>0h 0m 6s+552ms</span>
			<span class='test-status right pass'>pass</span>
		</div>
		<div class='collapsible-body'>
			<div class='node-steps'>
				<table class='bordered table-results'>
					<thead>
						<tr>
							<th>Status</th>
							<th>Timestamp</th>
							<th>Details</th>
						</tr>
					</thead>
					<tbody>
						<tr class='log' status='pass'>
							<td class='status pass' title='pass' alt='pass'><i class='material-icons'>check_circle</i></td>
							<td class='timestamp'>2:53:42 PM</td>
							<td class='step-details'>
									Copy to New is disabled
								
							</td>
						</tr>
						<tr class='log' status='pass'>
							<td class='status pass' title='pass' alt='pass'><i class='material-icons'>check_circle</i></td>
							<td class='timestamp'>2:53:42 PM</td>
							<td class='step-details'>
									Edit/View Details is disabled
								
							</td>
						</tr>
						<tr class='log' status='pass'>
							<td class='status pass' title='pass' alt='pass'><i class='material-icons'>check_circle</i></td>
							<td class='timestamp'>2:53:42 PM</td>
							<td class='step-details'>
									Unarchive is disabled
								
							</td>
						</tr>
						<tr class='log' status='pass'>
							<td class='status pass' title='pass' alt='pass'><i class='material-icons'>check_circle</i></td>
							<td class='timestamp'>2:53:42 PM</td>
							<td class='step-details'>
									Delete is disabled
								
							</td>
						</tr>
						<tr class='log' status='pass'>
							<td class='status pass' title='pass' alt='pass'><i class='material-icons'>check_circle</i></td>
							<td class='timestamp'>2:53:42 PM</td>
							<td class='step-details'>
									Start Entity WorkFlow is disabled
								
							</td>
						</tr>
						<tr class='log' status='pass'>
							<td class='status pass' title='pass' alt='pass'><i class='material-icons'>check_circle</i></td>
							<td class='timestamp'>2:53:43 PM</td>
							<td class='step-details'>
									Print is disabled
								
							</td>
						</tr>
						<tr class='log' status='pass'>
							<td class='status pass' title='pass' alt='pass'><i class='material-icons'>check_circle</i></td>
							<td class='timestamp'>2:53:43 PM</td>
							<td class='step-details'>
									Entity History is disabled
								
							</td>
						</tr>
						<tr class='log' status='pass'>
							<td class='status pass' title='pass' alt='pass'><i class='material-icons'>check_circle</i></td>
							<td class='timestamp'>2:53:46 PM</td>
							<td class='step-details'>
									Add New is enabled and is selected from actions menu.
								
							</td>
						</tr>
						<tr class='log' status='info'>
							<td class='status info' title='info' alt='info'><i class='material-icons'>info_outline</i></td>
							<td class='timestamp'>2:53:48 PM</td>
							<td class='step-details'>
									Switched to Create Entity Page window.
								
							</td>
						</tr>
					</tbody>
				</table>
			</div>
		</div>
	</li>
	<li class='node level-1 leaf pass' status='pass' test-id='8'>
		<div class='collapsible-header'>
			<div class='node-name'>Description: Description: Entering all the fields to the create new entity<br><< Screen Name : Entity Information >></br></div>
			<span class='node-time'>Mar 3, 2021 02:53:58 PM</span>
			&middot; <span class='node-duration'>0h 0m 23s+353ms</span>
			<span class='test-status right pass'>pass</span>
		</div>
		<div class='collapsible-body'>
			<div class='node-steps'>
				<table class='bordered table-results'>
					<thead>
						<tr>
							<th>Status</th>
							<th>Timestamp</th>
							<th>Details</th>
						</tr>
					</thead>
					<tbody>
						<tr class='log' status='pass'>
							<td class='status pass' title='pass' alt='pass'><i class='material-icons'>check_circle</i></td>
							<td class='timestamp'>2:54:00 PM</td>
							<td class='step-details'>
									Clicked on Save.
								
							</td>
						</tr>
						<tr class='log' status='info'>
							<td class='status info' title='info' alt='info'><i class='material-icons'>info_outline</i></td>
							<td class='timestamp'>2:54:00 PM</td>
							<td class='step-details'>
									Required feilds to be filled before saving
								
							</td>
						</tr>
						<tr class='log' status='pass'>
							<td class='status pass' title='pass' alt='pass'><i class='material-icons'>check_circle</i></td>
							<td class='timestamp'>2:54:02 PM</td>
							<td class='step-details'>
									Entity Name = AutomationTest.
								
							</td>
						</tr>
						<tr class='log' status='pass'>
							<td class='status pass' title='pass' alt='pass'><i class='material-icons'>check_circle</i></td>
							<td class='timestamp'>2:54:04 PM</td>
							<td class='step-details'>
									Entity ID = AutomationTest.
								
							</td>
						</tr>
						<tr class='log' status='pass'>
							<td class='status pass' title='pass' alt='pass'><i class='material-icons'>check_circle</i></td>
							<td class='timestamp'>2:54:06 PM</td>
							<td class='step-details'>
									Country = India.
								
							</td>
						</tr>
						<tr class='log' status='pass'>
							<td class='status pass' title='pass' alt='pass'><i class='material-icons'>check_circle</i></td>
							<td class='timestamp'>2:54:08 PM</td>
							<td class='step-details'>
									State = Telangana.
								
							</td>
						</tr>
						<tr class='log' status='pass'>
							<td class='status pass' title='pass' alt='pass'><i class='material-icons'>check_circle</i></td>
							<td class='timestamp'>2:54:10 PM</td>
							<td class='step-details'>
									Entity Type = Branch.
								
							</td>
						</tr>
						<tr class='log' status='pass'>
							<td class='status pass' title='pass' alt='pass'><i class='material-icons'>check_circle</i></td>
							<td class='timestamp'>2:54:12 PM</td>
							<td class='step-details'>
									Country Incorporated = India.
								
							</td>
						</tr>
						<tr class='log' status='pass'>
							<td class='status pass' title='pass' alt='pass'><i class='material-icons'>check_circle</i></td>
							<td class='timestamp'>2:54:13 PM</td>
							<td class='step-details'>
									State Incorporated = Assam.
								
							</td>
						</tr>
						<tr class='log' status='pass'>
							<td class='status pass' title='pass' alt='pass'><i class='material-icons'>check_circle</i></td>
							<td class='timestamp'>2:54:15 PM</td>
							<td class='step-details'>
									Description = testing.
								
							</td>
						</tr>
						<tr class='log' status='pass'>
							<td class='status pass' title='pass' alt='pass'><i class='material-icons'>check_circle</i></td>
							<td class='timestamp'>2:54:17 PM</td>
							<td class='step-details'>
									Entity_group = Testing.
								
							</td>
						</tr>
						<tr class='log' status='pass'>
							<td class='status pass' title='pass' alt='pass'><i class='material-icons'>check_circle</i></td>
							<td class='timestamp'>2:54:20 PM</td>
							<td class='step-details'>
									Clicked on Save.
								
							</td>
						</tr>
						<tr class='log' status='pass'>
							<td class='status pass' title='pass' alt='pass'><i class='material-icons'>check_circle</i></td>
							<td class='timestamp'>2:54:21 PM</td>
							<td class='step-details'>
									Clicked on Close.
								
							</td>
						</tr>
						<tr class='log' status='info'>
							<td class='status info' title='info' alt='info'><i class='material-icons'>info_outline</i></td>
							<td class='timestamp'>2:54:22 PM</td>
							<td class='step-details'>
									Switched to LS1 window.
								
							</td>
						</tr>
					</tbody>
				</table>
			</div>
		</div>
	</li>
	<li class='node level-1 leaf pass' status='pass' test-id='9'>
		<div class='collapsible-header'>
			<div class='node-name'>Description: Search the Entity<br><< Screen Name : LS1 Page >></br></div>
			<span class='node-time'>Mar 3, 2021 02:55:02 PM</span>
			&middot; <span class='node-duration'>0h 0m 26s+261ms</span>
			<span class='test-status right pass'>pass</span>
		</div>
		<div class='collapsible-body'>
			<div class='node-steps'>
				<table class='bordered table-results'>
					<thead>
						<tr>
							<th>Status</th>
							<th>Timestamp</th>
							<th>Details</th>
						</tr>
					</thead>
					<tbody>
						<tr class='log' status='pass'>
							<td class='status pass' title='pass' alt='pass'><i class='material-icons'>check_circle</i></td>
							<td class='timestamp'>2:55:05 PM</td>
							<td class='step-details'>
									Clicked on Clear.
								
							</td>
						</tr>
						<tr class='log' status='pass'>
							<td class='status pass' title='pass' alt='pass'><i class='material-icons'>check_circle</i></td>
							<td class='timestamp'>2:55:13 PM</td>
							<td class='step-details'>
									Entered Entity Name successfully.
								
							</td>
						</tr>
						<tr class='log' status='pass'>
							<td class='status pass' title='pass' alt='pass'><i class='material-icons'>check_circle</i></td>
							<td class='timestamp'>2:55:15 PM</td>
							<td class='step-details'>
									Clicked on Search.
								
							</td>
						</tr>
						<tr class='log' status='pass'>
							<td class='status pass' title='pass' alt='pass'><i class='material-icons'>check_circle</i></td>
							<td class='timestamp'>2:55:21 PM</td>
							<td class='step-details'>
									Clicked on Splitter.
								
							</td>
						</tr>
						<tr class='log' status='pass'>
							<td class='status pass' title='pass' alt='pass'><i class='material-icons'>check_circle</i></td>
							<td class='timestamp'>2:55:24 PM</td>
							<td class='step-details'>
									Clicked on Actions.
								
							</td>
						</tr>
						<tr class='log' status='pass'>
							<td class='status pass' title='pass' alt='pass'><i class='material-icons'>check_circle</i></td>
							<td class='timestamp'>2:55:27 PM</td>
							<td class='step-details'>
									Edit/View Details is enabled and is selected from actions menu.
								
							</td>
						</tr>
						<tr class='log' status='info'>
							<td class='status info' title='info' alt='info'><i class='material-icons'>info_outline</i></td>
							<td class='timestamp'>2:55:29 PM</td>
							<td class='step-details'>
									Switched to Entity Information window.
								
							</td>
						</tr>
					</tbody>
				</table>
			</div>
		</div>
	</li>
	<li class='node level-1 leaf pass' status='pass' test-id='10'>
		<div class='collapsible-header'>
			<div class='node-name'>Description: Description: Edit/View Details<br><< Screen Name : Entity Information >></br></div>
			<span class='node-time'>Mar 3, 2021 02:55:39 PM</span>
			&middot; <span class='node-duration'>0h 0m 6s+272ms</span>
			<span class='test-status right pass'>pass</span>
		</div>
		<div class='collapsible-body'>
			<div class='node-steps'>
				<table class='bordered table-results'>
					<thead>
						<tr>
							<th>Status</th>
							<th>Timestamp</th>
							<th>Details</th>
						</tr>
					</thead>
					<tbody>
						<tr class='log' status='pass'>
							<td class='status pass' title='pass' alt='pass'><i class='material-icons'>check_circle</i></td>
							<td class='timestamp'>2:55:39 PM</td>
							<td class='step-details'>
									Entity Name = 'AutomationTest' is matched.
								
							</td>
						</tr>
						<tr class='log' status='pass'>
							<td class='status pass' title='pass' alt='pass'><i class='material-icons'>check_circle</i></td>
							<td class='timestamp'>2:55:40 PM</td>
							<td class='step-details'>
									Entity ID = 'AutomationTest' is matched.
								
							</td>
						</tr>
						<tr class='log' status='pass'>
							<td class='status pass' title='pass' alt='pass'><i class='material-icons'>check_circle</i></td>
							<td class='timestamp'>2:55:40 PM</td>
							<td class='step-details'>
									Country = 'India' is matched.
								
							</td>
						</tr>
						<tr class='log' status='pass'>
							<td class='status pass' title='pass' alt='pass'><i class='material-icons'>check_circle</i></td>
							<td class='timestamp'>2:55:41 PM</td>
							<td class='step-details'>
									State = 'Telangana' is matched.
								
							</td>
						</tr>
						<tr class='log' status='pass'>
							<td class='status pass' title='pass' alt='pass'><i class='material-icons'>check_circle</i></td>
							<td class='timestamp'>2:55:42 PM</td>
							<td class='step-details'>
									Entity Type = 'Branch' is matched.
								
							</td>
						</tr>
						<tr class='log' status='pass'>
							<td class='status pass' title='pass' alt='pass'><i class='material-icons'>check_circle</i></td>
							<td class='timestamp'>2:55:43 PM</td>
							<td class='step-details'>
									Country Incorporated = 'India' is matched.
								
							</td>
						</tr>
						<tr class='log' status='pass'>
							<td class='status pass' title='pass' alt='pass'><i class='material-icons'>check_circle</i></td>
							<td class='timestamp'>2:55:43 PM</td>
							<td class='step-details'>
									State Incorporated = 'Assam' is matched.
								
							</td>
						</tr>
						<tr class='log' status='pass'>
							<td class='status pass' title='pass' alt='pass'><i class='material-icons'>check_circle</i></td>
							<td class='timestamp'>2:55:44 PM</td>
							<td class='step-details'>
									Description = 'testing' is matched.
								
							</td>
						</tr>
						<tr class='log' status='pass'>
							<td class='status pass' title='pass' alt='pass'><i class='material-icons'>check_circle</i></td>
							<td class='timestamp'>2:55:44 PM</td>
							<td class='step-details'>
									Entity_group = 'Testing' is matched.
								
							</td>
						</tr>
						<tr class='log' status='info'>
							<td class='status info' title='info' alt='info'><i class='material-icons'>info_outline</i></td>
							<td class='timestamp'>2:55:45 PM</td>
							<td class='step-details'>
									Switched to LS1 window.
								
							</td>
						</tr>
					</tbody>
				</table>
			</div>
		</div>
	</li>
	<li class='node level-1 leaf pass' status='pass' test-id='11'>
		<div class='collapsible-header'>
			<div class='node-name'>Description: Search the Entity<br><< Screen Name : LS1 Page >></br></div>
			<span class='node-time'>Mar 3, 2021 02:56:06 PM</span>
			&middot; <span class='node-duration'>0h 0m 24s+435ms</span>
			<span class='test-status right pass'>pass</span>
		</div>
		<div class='collapsible-body'>
			<div class='node-steps'>
				<table class='bordered table-results'>
					<thead>
						<tr>
							<th>Status</th>
							<th>Timestamp</th>
							<th>Details</th>
						</tr>
					</thead>
					<tbody>
						<tr class='log' status='pass'>
							<td class='status pass' title='pass' alt='pass'><i class='material-icons'>check_circle</i></td>
							<td class='timestamp'>2:56:09 PM</td>
							<td class='step-details'>
									Clicked on Clear.
								
							</td>
						</tr>
						<tr class='log' status='pass'>
							<td class='status pass' title='pass' alt='pass'><i class='material-icons'>check_circle</i></td>
							<td class='timestamp'>2:56:16 PM</td>
							<td class='step-details'>
									Entered Entity Name successfully.
								
							</td>
						</tr>
						<tr class='log' status='pass'>
							<td class='status pass' title='pass' alt='pass'><i class='material-icons'>check_circle</i></td>
							<td class='timestamp'>2:56:18 PM</td>
							<td class='step-details'>
									Clicked on Search.
								
							</td>
						</tr>
						<tr class='log' status='pass'>
							<td class='status pass' title='pass' alt='pass'><i class='material-icons'>check_circle</i></td>
							<td class='timestamp'>2:56:25 PM</td>
							<td class='step-details'>
									Clicked on Splitter.
								
							</td>
						</tr>
						<tr class='log' status='pass'>
							<td class='status pass' title='pass' alt='pass'><i class='material-icons'>check_circle</i></td>
							<td class='timestamp'>2:56:27 PM</td>
							<td class='step-details'>
									Clicked on Actions.
								
							</td>
						</tr>
						<tr class='log' status='pass'>
							<td class='status pass' title='pass' alt='pass'><i class='material-icons'>check_circle</i></td>
							<td class='timestamp'>2:56:29 PM</td>
							<td class='step-details'>
									Copy to New is enabled and is selected from actions menu.
								
							</td>
						</tr>
						<tr class='log' status='info'>
							<td class='status info' title='info' alt='info'><i class='material-icons'>info_outline</i></td>
							<td class='timestamp'>2:56:30 PM</td>
							<td class='step-details'>
									Switched to Copy window.
								
							</td>
						</tr>
					</tbody>
				</table>
			</div>
		</div>
	</li>
	<li class='node level-1 leaf fail' status='fail' test-id='12'>
		<div class='collapsible-header'>
			<div class='node-name'>Description: Description: copy to new entity<br><< Screen Name : Copy Entity >></br></div>
			<span class='node-time'>Mar 3, 2021 02:56:30 PM</span>
			&middot; <span class='node-duration'>0h 1m 37s+456ms</span>
			<span class='test-status right fail'>fail</span>
		</div>
		<div class='collapsible-body'>
			<div class='node-steps'>
				<table class='bordered table-results'>
					<thead>
						<tr>
							<th>Status</th>
							<th>Timestamp</th>
							<th>Details</th>
						</tr>
					</thead>
					<tbody>
						<tr class='log' status='fail'>
							<td class='status fail' title='fail' alt='fail'><i class='material-icons'>cancel</i></td>
							<td class='timestamp'>2:57:11 PM</td>
							<td class='step-details'>
									<textarea disabled class="code-block">org.openqa.selenium.TimeoutException: Expected condition failed: waiting for visibility of element located by By.xpath: //input[@id='name'] (tried for 30 second(s) with 500 milliseconds interval)
	at org.openqa.selenium.support.ui.WebDriverWait.timeoutException(WebDriverWait.java:95)
	at org.openqa.selenium.support.ui.FluentWait.until(FluentWait.java:272)
	at com_lib_FunctionLibrary.FrameWork.fnWebEdit(FrameWork.java:21)
	at com_obj_ObjectRepository.LS1.EntityUnitBrowser.copyentity(EntityUnitBrowser.java:649)
	at com_pkg_OSP.EUB_Test.EntityUnitBrowser(EUB_Test.java:103)
	at java.base/jdk.internal.reflect.NativeMethodAccessorImpl.invoke0(Native Method)
	at java.base/jdk.internal.reflect.NativeMethodAccessorImpl.invoke(NativeMethodAccessorImpl.java:64)
	at java.base/jdk.internal.reflect.DelegatingMethodAccessorImpl.invoke(DelegatingMethodAccessorImpl.java:43)
	at java.base/java.lang.reflect.Method.invoke(Method.java:564)
	at org.testng.internal.MethodInvocationHelper.invokeMethod(MethodInvocationHelper.java:124)
	at org.testng.internal.Invoker.invokeMethod(Invoker.java:583)
	at org.testng.internal.Invoker.invokeTestMethod(Invoker.java:719)
	at org.testng.internal.Invoker.invokeTestMethods(Invoker.java:989)
	at org.testng.internal.TestMethodWorker.invokeTestMethods(TestMethodWorker.java:125)
	at org.testng.internal.TestMethodWorker.run(TestMethodWorker.java:109)
	at org.testng.TestRunner.privateRun(TestRunner.java:648)
	at org.testng.TestRunner.run(TestRunner.java:505)
	at org.testng.SuiteRunner.runTest(SuiteRunner.java:455)
	at org.testng.SuiteRunner.runSequentially(SuiteRunner.java:450)
	at org.testng.SuiteRunner.privateRun(SuiteRunner.java:415)
	at org.testng.SuiteRunner.run(SuiteRunner.java:364)
	at org.testng.SuiteRunnerWorker.runSuite(SuiteRunnerWorker.java:52)
	at org.testng.SuiteRunnerWorker.run(SuiteRunnerWorker.java:84)
	at org.testng.TestNG.runSuitesSequentially(TestNG.java:1208)
	at org.testng.TestNG.runSuitesLocally(TestNG.java:1137)
	at org.testng.TestNG.runSuites(TestNG.java:1049)
	at org.testng.TestNG.run(TestNG.java:1017)
	at org.apache.maven.surefire.testng.TestNGExecutor.run(TestNGExecutor.java:283)
	at org.apache.maven.surefire.testng.TestNGXmlTestSuite.execute(TestNGXmlTestSuite.java:75)
	at org.apache.maven.surefire.testng.TestNGProvider.invoke(TestNGProvider.java:120)
	at org.apache.maven.surefire.booter.ForkedBooter.invokeProviderInSameClassLoader(ForkedBooter.java:384)
	at org.apache.maven.surefire.booter.ForkedBooter.runSuitesInProcess(ForkedBooter.java:345)
	at org.apache.maven.surefire.booter.ForkedBooter.execute(ForkedBooter.java:126)
	at org.apache.maven.surefire.booter.ForkedBooter.main(ForkedBooter.java:418)
Caused by: org.openqa.selenium.NoSuchElementException: Unable to find element with xpath == //input[@id='name']
For documentation on this error, please visit: https://www.seleniumhq.org/exceptions/no_such_element.html
Build info: version: '3.141.59', revision: 'e82be7d358', time: '2018-11-14T08:17:03'
System info: host: 'USE2DEVP0672', ip: '10.178.164.5', os.name: 'Windows 10', os.arch: 'amd64', os.version: '10.0', java.version: '15.0.1'
Driver info: org.openqa.selenium.ie.InternetExplorerDriver
Capabilities {acceptInsecureCerts: false, browserName: internet explorer, browserVersion: 11, javascriptEnabled: true, pageLoadStrategy: normal, platform: WINDOWS, platformName: WINDOWS, proxy: Proxy(), se:ieOptions: {browserAttachTimeout: 0, elementScrollBehavior: 0, enablePersistentHover: true, ie.browserCommandLineSwitches: , ie.edgechromium: false, ie.edgepath: , ie.ensureCleanSession: false, ie.fileUploadDialogTimeout: 3000, ie.forceCreateProcessApi: false, ignoreProtectedModeSettings: false, ignoreZoomSetting: false, initialBrowserUrl: http://localhost:43113/, nativeEvents: true, requireWindowFocus: false}, setWindowRect: true, strictFileInteractability: false, timeouts: {implicit: 0, pageLoad: 300000, script: 30000}, unhandledPromptBehavior: dismiss and notify}
Session ID: 8aacd950-b481-4b5b-b1b4-56400e9ac48b
*** Element info: {Using=xpath, value=//input[@id='name']}
	at java.base/jdk.internal.reflect.NativeConstructorAccessorImpl.newInstance0(Native Method)
	at java.base/jdk.internal.reflect.NativeConstructorAccessorImpl.newInstance(NativeConstructorAccessorImpl.java:64)
	at java.base/jdk.internal.reflect.DelegatingConstructorAccessorImpl.newInstance(DelegatingConstructorAccessorImpl.java:45)
	at java.base/java.lang.reflect.Constructor.newInstanceWithCaller(Constructor.java:500)
	at java.base/java.lang.reflect.Constructor.newInstance(Constructor.java:481)
	at org.openqa.selenium.remote.http.W3CHttpResponseCodec.createException(W3CHttpResponseCodec.java:187)
	at org.openqa.selenium.remote.http.W3CHttpResponseCodec.decode(W3CHttpResponseCodec.java:122)
	at org.openqa.selenium.remote.http.W3CHttpResponseCodec.decode(W3CHttpResponseCodec.java:49)
	at org.openqa.selenium.remote.HttpCommandExecutor.execute(HttpCommandExecutor.java:158)
	at org.openqa.selenium.remote.service.DriverCommandExecutor.execute(DriverCommandExecutor.java:83)
	at org.openqa.selenium.remote.RemoteWebDriver.execute(RemoteWebDriver.java:552)
	at org.openqa.selenium.remote.RemoteWebDriver.findElement(RemoteWebDriver.java:323)
	at org.openqa.selenium.remote.RemoteWebDriver.findElementByXPath(RemoteWebDriver.java:428)
	at org.openqa.selenium.By$ByXPath.findElement(By.java:353)
	at org.openqa.selenium.remote.RemoteWebDriver.findElement(RemoteWebDriver.java:315)
	at org.openqa.selenium.support.ui.ExpectedConditions$7.apply(ExpectedConditions.java:205)
	at org.openqa.selenium.support.ui.ExpectedConditions$7.apply(ExpectedConditions.java:201)
	at org.openqa.selenium.support.ui.FluentWait.until(FluentWait.java:249)
	... 32 more
</textarea>
								
							</td>
						</tr>
						<tr class='log' status='info'>
							<td class='status info' title='info' alt='info'><i class='material-icons'>info_outline</i></td>
							<td class='timestamp'>2:57:27 PM</td>
							<td class='step-details'>
									Switched to LS1 window.
								
							</td>
						</tr>
						<tr class='log' status='fail'>
							<td class='status fail' title='fail' alt='fail'><i class='material-icons'>cancel</i></td>
							<td class='timestamp'>2:58:08 PM</td>
							<td class='step-details'>
									<span class='badge white-text red'>EntityUnitBrowser is failed</span>
								
							</td>
						</tr>
					</tbody>
				</table>
			</div>
		</div>
	</li>
</ul>
					</div>
				</li>
				<li class='test displayed active  pass' status='pass' bdd='false' test-id='13'>
					<div class='test-heading'>
						<span class='test-name'>Initialize</span>
						<span class='test-time'>Mar 3, 2021 02:58:08 PM</span>
						<span class='test-status right pass'>pass</span>
					</div>
					<div class='test-content hide'>
<div class='test-time-info'>
	<span class='label start-time'>Mar 3, 2021 02:58:08 PM</span>
	<span class='label end-time'>Mar 3, 2021 02:58:13 PM</span>
	<span class='label time-taken grey lighten-1 white-text'>0h 0m 5s+150ms</span>
</div>
<div class='test-steps'>
	<table class='bordered table-results'>
		<thead>
			<tr>
				<th>Status</th>
				<th>Timestamp</th>
				<th>Details</th>
			</tr>
		</thead>
		<tbody>
			<tr class='log' status='pass'>
				<td class='status pass' title='pass' alt='pass'><i class='material-icons'>check_circle</i></td>
				<td class='timestamp'>2:58:13 PM</td>
				<td class='step-details'>
						<span class='badge white-text green'>Initialize - test case is passed</span>
					
				</td>
			</tr>
		</tbody>
	</table>
</div>
					</div>
				</li>
				<li class='test displayed active has-leaf fail' status='fail' bdd='false' test-id='14'>
					<div class='test-heading'>
						<span class='test-name'>BusinessTaxInfo</span>
						<span class='test-time'>Mar 3, 2021 02:58:13 PM</span>
						<span class='test-status right fail'>fail</span>
					</div>
					<div class='test-content hide'>
<div class='test-time-info'>
	<span class='label start-time'>Mar 3, 2021 02:58:13 PM</span>
	<span class='label end-time'>Mar 3, 2021 02:58:13 PM</span>
	<span class='label time-taken grey lighten-1 white-text'>0h 0m 0s+13ms</span>
</div>
<div class='test-steps'>
	<table class='bordered table-results'>
		<thead>
			<tr>
				<th>Status</th>
				<th>Timestamp</th>
				<th>Details</th>
			</tr>
		</thead>
		<tbody>
			<tr class='log' status='fail'>
				<td class='status fail' title='fail' alt='fail'><i class='material-icons'>cancel</i></td>
				<td class='timestamp'>2:58:13 PM</td>
				<td class='step-details'>
						<span class='badge white-text red'>BusinessTaxInfo - test case is failed</span>
					
				</td>
			</tr>
			<tr class='log' status='fail'>
				<td class='status fail' title='fail' alt='fail'><i class='material-icons'>cancel</i></td>
				<td class='timestamp'>2:58:13 PM</td>
				<td class='step-details'>
						<span class='badge white-text red'>org.openqa.selenium.NoSuchWindowException: Unable to get browser
Build info: version: '3.141.59', revision: 'e82be7d358', time: '2018-11-14T08:17:03'
System info: host: 'USE2DEVP0672', ip: '10.178.164.5', os.name: 'Windows 10', os.arch: 'amd64', os.version: '10.0', java.version: '15.0.1'
Driver info: org.openqa.selenium.ie.InternetExplorerDriver
Capabilities {acceptInsecureCerts: false, browserName: internet explorer, browserVersion: 11, javascriptEnabled: true, pageLoadStrategy: normal, platform: WINDOWS, platformName: WINDOWS, proxy: Proxy(), se:ieOptions: {browserAttachTimeout: 0, elementScrollBehavior: 0, enablePersistentHover: true, ie.browserCommandLineSwitches: , ie.edgechromium: false, ie.edgepath: , ie.ensureCleanSession: false, ie.fileUploadDialogTimeout: 3000, ie.forceCreateProcessApi: false, ignoreProtectedModeSettings: false, ignoreZoomSetting: false, initialBrowserUrl: http://localhost:12016/, nativeEvents: true, requireWindowFocus: false}, setWindowRect: true, strictFileInteractability: false, timeouts: {implicit: 0, pageLoad: 300000, script: 30000}, unhandledPromptBehavior: dismiss and notify}
Session ID: 135d0370-1654-4533-95ac-a0e29ea459f5 - test case failed</span>
					
				</td>
			</tr>
		</tbody>
	</table>
</div>
<ul class='collapsible node-list' data-collapsible='accordion'>
	<li class='node level-1 leaf fail' status='fail' test-id='15'>
		<div class='collapsible-header'>
			<div class='node-name'>Description: Entering UniversalID and Password.<br><< Screen Name : OneSource Login Page >></br></div>
			<span class='node-time'>Mar 3, 2021 02:58:13 PM</span>
			&middot; <span class='node-duration'>0h 0m 0s+13ms</span>
			<span class='test-status right fail'>fail</span>
		</div>
		<div class='collapsible-body'>
			<div class='node-steps'>
				<table class='bordered table-results'>
					<thead>
						<tr>
							<th>Status</th>
							<th>Timestamp</th>
							<th>Details</th>
						</tr>
					</thead>
					<tbody>
						<tr class='log' status='fail'>
							<td class='status fail' title='fail' alt='fail'><i class='material-icons'>cancel</i></td>
							<td class='timestamp'>2:58:13 PM</td>
							<td class='step-details'>
									<span class='badge white-text red'>BusinessTaxInfo is failed</span>
								
							</td>
						</tr>
					</tbody>
				</table>
			</div>
		</div>
	</li>
</ul>
					</div>
				</li>
				<li class='test displayed active  pass' status='pass' bdd='false' test-id='16'>
					<div class='test-heading'>
						<span class='test-name'>Initialize</span>
						<span class='test-time'>Mar 3, 2021 02:58:14 PM</span>
						<span class='test-status right pass'>pass</span>
					</div>
					<div class='test-content hide'>
<div class='test-time-info'>
	<span class='label start-time'>Mar 3, 2021 02:58:14 PM</span>
	<span class='label end-time'>Mar 3, 2021 02:58:17 PM</span>
	<span class='label time-taken grey lighten-1 white-text'>0h 0m 3s+251ms</span>
</div>
<div class='test-steps'>
	<table class='bordered table-results'>
		<thead>
			<tr>
				<th>Status</th>
				<th>Timestamp</th>
				<th>Details</th>
			</tr>
		</thead>
		<tbody>
			<tr class='log' status='pass'>
				<td class='status pass' title='pass' alt='pass'><i class='material-icons'>check_circle</i></td>
				<td class='timestamp'>2:58:17 PM</td>
				<td class='step-details'>
						<span class='badge white-text green'>Initialize - test case is passed</span>
					
				</td>
			</tr>
		</tbody>
	</table>
</div>
					</div>
				</li>
				<li class='test displayed active has-leaf fail' status='fail' bdd='false' test-id='17'>
					<div class='test-heading'>
						<span class='test-name'>ResponsbilityInfo</span>
						<span class='test-time'>Mar 3, 2021 02:58:17 PM</span>
						<span class='test-status right fail'>fail</span>
					</div>
					<div class='test-content hide'>
<div class='test-time-info'>
	<span class='label start-time'>Mar 3, 2021 02:58:17 PM</span>
	<span class='label end-time'>Mar 3, 2021 02:58:17 PM</span>
	<span class='label time-taken grey lighten-1 white-text'>0h 0m 0s+15ms</span>
</div>
<div class='test-steps'>
	<table class='bordered table-results'>
		<thead>
			<tr>
				<th>Status</th>
				<th>Timestamp</th>
				<th>Details</th>
			</tr>
		</thead>
		<tbody>
			<tr class='log' status='fail'>
				<td class='status fail' title='fail' alt='fail'><i class='material-icons'>cancel</i></td>
				<td class='timestamp'>2:58:17 PM</td>
				<td class='step-details'>
						<span class='badge white-text red'>ResponsbilityInfo - test case is failed</span>
					
				</td>
			</tr>
			<tr class='log' status='fail'>
				<td class='status fail' title='fail' alt='fail'><i class='material-icons'>cancel</i></td>
				<td class='timestamp'>2:58:17 PM</td>
				<td class='step-details'>
						<span class='badge white-text red'>org.openqa.selenium.NoSuchWindowException: Unable to get browser
Build info: version: '3.141.59', revision: 'e82be7d358', time: '2018-11-14T08:17:03'
System info: host: 'USE2DEVP0672', ip: '10.178.164.5', os.name: 'Windows 10', os.arch: 'amd64', os.version: '10.0', java.version: '15.0.1'
Driver info: org.openqa.selenium.ie.InternetExplorerDriver
Capabilities {acceptInsecureCerts: false, browserName: internet explorer, browserVersion: 11, javascriptEnabled: true, pageLoadStrategy: normal, platform: WINDOWS, platformName: WINDOWS, proxy: Proxy(), se:ieOptions: {browserAttachTimeout: 0, elementScrollBehavior: 0, enablePersistentHover: true, ie.browserCommandLineSwitches: , ie.edgechromium: false, ie.edgepath: , ie.ensureCleanSession: false, ie.fileUploadDialogTimeout: 3000, ie.forceCreateProcessApi: false, ignoreProtectedModeSettings: false, ignoreZoomSetting: false, initialBrowserUrl: http://localhost:22592/, nativeEvents: true, requireWindowFocus: false}, setWindowRect: true, strictFileInteractability: false, timeouts: {implicit: 0, pageLoad: 300000, script: 30000}, unhandledPromptBehavior: dismiss and notify}
Session ID: c6aeff6a-b37e-4583-b3c3-3d4fb4351ba5 - test case failed</span>
					
				</td>
			</tr>
		</tbody>
	</table>
</div>
<ul class='collapsible node-list' data-collapsible='accordion'>
	<li class='node level-1 leaf fail' status='fail' test-id='18'>
		<div class='collapsible-header'>
			<div class='node-name'>Description: Entering UniversalID and Password.<br><< Screen Name : OneSource Login Page >></br></div>
			<span class='node-time'>Mar 3, 2021 02:58:17 PM</span>
			&middot; <span class='node-duration'>0h 0m 0s+15ms</span>
			<span class='test-status right fail'>fail</span>
		</div>
		<div class='collapsible-body'>
			<div class='node-steps'>
				<table class='bordered table-results'>
					<thead>
						<tr>
							<th>Status</th>
							<th>Timestamp</th>
							<th>Details</th>
						</tr>
					</thead>
					<tbody>
						<tr class='log' status='fail'>
							<td class='status fail' title='fail' alt='fail'><i class='material-icons'>cancel</i></td>
							<td class='timestamp'>2:58:17 PM</td>
							<td class='step-details'>
									<span class='badge white-text red'>ResponsbilityInfo is failed</span>
								
							</td>
						</tr>
					</tbody>
				</table>
			</div>
		</div>
	</li>
</ul>
					</div>
				</li>
				<li class='test displayed active  pass' status='pass' bdd='false' test-id='19'>
					<div class='test-heading'>
						<span class='test-name'>Initialize</span>
						<span class='test-time'>Mar 3, 2021 02:58:18 PM</span>
						<span class='test-status right pass'>pass</span>
					</div>
					<div class='test-content hide'>
<div class='test-time-info'>
	<span class='label start-time'>Mar 3, 2021 02:58:18 PM</span>
	<span class='label end-time'>Mar 3, 2021 02:58:21 PM</span>
	<span class='label time-taken grey lighten-1 white-text'>0h 0m 3s+495ms</span>
</div>
<div class='test-steps'>
	<table class='bordered table-results'>
		<thead>
			<tr>
				<th>Status</th>
				<th>Timestamp</th>
				<th>Details</th>
			</tr>
		</thead>
		<tbody>
			<tr class='log' status='pass'>
				<td class='status pass' title='pass' alt='pass'><i class='material-icons'>check_circle</i></td>
				<td class='timestamp'>2:58:21 PM</td>
				<td class='step-details'>
						<span class='badge white-text green'>Initialize - test case is passed</span>
					
				</td>
			</tr>
		</tbody>
	</table>
</div>
					</div>
				</li>
				<li class='test displayed active has-leaf fail' status='fail' bdd='false' test-id='20'>
					<div class='test-heading'>
						<span class='test-name'>KeyContacts</span>
						<span class='test-time'>Mar 3, 2021 02:58:21 PM</span>
						<span class='test-status right fail'>fail</span>
					</div>
					<div class='test-content hide'>
<div class='test-time-info'>
	<span class='label start-time'>Mar 3, 2021 02:58:21 PM</span>
	<span class='label end-time'>Mar 3, 2021 02:58:21 PM</span>
	<span class='label time-taken grey lighten-1 white-text'>0h 0m 0s+14ms</span>
</div>
<div class='test-steps'>
	<table class='bordered table-results'>
		<thead>
			<tr>
				<th>Status</th>
				<th>Timestamp</th>
				<th>Details</th>
			</tr>
		</thead>
		<tbody>
			<tr class='log' status='fail'>
				<td class='status fail' title='fail' alt='fail'><i class='material-icons'>cancel</i></td>
				<td class='timestamp'>2:58:21 PM</td>
				<td class='step-details'>
						<span class='badge white-text red'>KeyContacts - test case is failed</span>
					
				</td>
			</tr>
			<tr class='log' status='fail'>
				<td class='status fail' title='fail' alt='fail'><i class='material-icons'>cancel</i></td>
				<td class='timestamp'>2:58:21 PM</td>
				<td class='step-details'>
						<span class='badge white-text red'>org.openqa.selenium.NoSuchWindowException: Unable to get browser
Build info: version: '3.141.59', revision: 'e82be7d358', time: '2018-11-14T08:17:03'
System info: host: 'USE2DEVP0672', ip: '10.178.164.5', os.name: 'Windows 10', os.arch: 'amd64', os.version: '10.0', java.version: '15.0.1'
Driver info: org.openqa.selenium.ie.InternetExplorerDriver
Capabilities {acceptInsecureCerts: false, browserName: internet explorer, browserVersion: 11, javascriptEnabled: true, pageLoadStrategy: normal, platform: WINDOWS, platformName: WINDOWS, proxy: Proxy(), se:ieOptions: {browserAttachTimeout: 0, elementScrollBehavior: 0, enablePersistentHover: true, ie.browserCommandLineSwitches: , ie.edgechromium: false, ie.edgepath: , ie.ensureCleanSession: false, ie.fileUploadDialogTimeout: 3000, ie.forceCreateProcessApi: false, ignoreProtectedModeSettings: false, ignoreZoomSetting: false, initialBrowserUrl: http://localhost:5351/, nativeEvents: true, requireWindowFocus: false}, setWindowRect: true, strictFileInteractability: false, timeouts: {implicit: 0, pageLoad: 300000, script: 30000}, unhandledPromptBehavior: dismiss and notify}
Session ID: e05deb61-b480-43bb-9276-3b9f4b17992c - test case failed</span>
					
				</td>
			</tr>
		</tbody>
	</table>
</div>
<ul class='collapsible node-list' data-collapsible='accordion'>
	<li class='node level-1 leaf fail' status='fail' test-id='21'>
		<div class='collapsible-header'>
			<div class='node-name'>Description: Entering UniversalID and Password.<br><< Screen Name : OneSource Login Page >></br></div>
			<span class='node-time'>Mar 3, 2021 02:58:21 PM</span>
			&middot; <span class='node-duration'>0h 0m 0s+14ms</span>
			<span class='test-status right fail'>fail</span>
		</div>
		<div class='collapsible-body'>
			<div class='node-steps'>
				<table class='bordered table-results'>
					<thead>
						<tr>
							<th>Status</th>
							<th>Timestamp</th>
							<th>Details</th>
						</tr>
					</thead>
					<tbody>
						<tr class='log' status='fail'>
							<td class='status fail' title='fail' alt='fail'><i class='material-icons'>cancel</i></td>
							<td class='timestamp'>2:58:21 PM</td>
							<td class='step-details'>
									<span class='badge white-text red'>KeyContacts is failed</span>
								
							</td>
						</tr>
					</tbody>
				</table>
			</div>
		</div>
	</li>
</ul>
					</div>
				</li>
				<li class='test displayed active  pass' status='pass' bdd='false' test-id='22'>
					<div class='test-heading'>
						<span class='test-name'>Initialize</span>
						<span class='test-time'>Mar 3, 2021 02:58:22 PM</span>
						<span class='test-status right pass'>pass</span>
					</div>
					<div class='test-content hide'>
<div class='test-time-info'>
	<span class='label start-time'>Mar 3, 2021 02:58:22 PM</span>
	<span class='label end-time'>Mar 3, 2021 02:58:25 PM</span>
	<span class='label time-taken grey lighten-1 white-text'>0h 0m 2s+984ms</span>
</div>
<div class='test-steps'>
	<table class='bordered table-results'>
		<thead>
			<tr>
				<th>Status</th>
				<th>Timestamp</th>
				<th>Details</th>
			</tr>
		</thead>
		<tbody>
			<tr class='log' status='pass'>
				<td class='status pass' title='pass' alt='pass'><i class='material-icons'>check_circle</i></td>
				<td class='timestamp'>2:58:25 PM</td>
				<td class='step-details'>
						<span class='badge white-text green'>Initialize - test case is passed</span>
					
				</td>
			</tr>
		</tbody>
	</table>
</div>
					</div>
				</li>
				<li class='test displayed active has-leaf fail' status='fail' bdd='false' test-id='23'>
					<div class='test-heading'>
						<span class='test-name'>EntityUnitBrowserDBA</span>
						<span class='test-time'>Mar 3, 2021 02:58:25 PM</span>
						<span class='test-status right fail'>fail</span>
					</div>
					<div class='test-content hide'>
<div class='test-time-info'>
	<span class='label start-time'>Mar 3, 2021 02:58:25 PM</span>
	<span class='label end-time'>Mar 3, 2021 02:58:25 PM</span>
	<span class='label time-taken grey lighten-1 white-text'>0h 0m 0s+4ms</span>
</div>
<div class='test-steps'>
	<table class='bordered table-results'>
		<thead>
			<tr>
				<th>Status</th>
				<th>Timestamp</th>
				<th>Details</th>
			</tr>
		</thead>
		<tbody>
			<tr class='log' status='fail'>
				<td class='status fail' title='fail' alt='fail'><i class='material-icons'>cancel</i></td>
				<td class='timestamp'>2:58:25 PM</td>
				<td class='step-details'>
						<span class='badge white-text red'>EntityUnitBrowserDBA - test case is failed</span>
					
				</td>
			</tr>
			<tr class='log' status='fail'>
				<td class='status fail' title='fail' alt='fail'><i class='material-icons'>cancel</i></td>
				<td class='timestamp'>2:58:25 PM</td>
				<td class='step-details'>
						<span class='badge white-text red'>org.openqa.selenium.NoSuchWindowException: Unable to get browser
Build info: version: '3.141.59', revision: 'e82be7d358', time: '2018-11-14T08:17:03'
System info: host: 'USE2DEVP0672', ip: '10.178.164.5', os.name: 'Windows 10', os.arch: 'amd64', os.version: '10.0', java.version: '15.0.1'
Driver info: org.openqa.selenium.ie.InternetExplorerDriver
Capabilities {acceptInsecureCerts: false, browserName: internet explorer, browserVersion: 11, javascriptEnabled: true, pageLoadStrategy: normal, platform: WINDOWS, platformName: WINDOWS, proxy: Proxy(), se:ieOptions: {browserAttachTimeout: 0, elementScrollBehavior: 0, enablePersistentHover: true, ie.browserCommandLineSwitches: , ie.edgechromium: false, ie.edgepath: , ie.ensureCleanSession: false, ie.fileUploadDialogTimeout: 3000, ie.forceCreateProcessApi: false, ignoreProtectedModeSettings: false, ignoreZoomSetting: false, initialBrowserUrl: http://localhost:34067/, nativeEvents: true, requireWindowFocus: false}, setWindowRect: true, strictFileInteractability: false, timeouts: {implicit: 0, pageLoad: 300000, script: 30000}, unhandledPromptBehavior: dismiss and notify}
Session ID: 480f2128-4a8a-430b-864d-9f1859a93ed9 - test case failed</span>
					
				</td>
			</tr>
		</tbody>
	</table>
</div>
<ul class='collapsible node-list' data-collapsible='accordion'>
	<li class='node level-1 leaf fail' status='fail' test-id='24'>
		<div class='collapsible-header'>
			<div class='node-name'>Description: Entering UniversalID and Password.<br><< Screen Name : OneSource Login Page >></br></div>
			<span class='node-time'>Mar 3, 2021 02:58:25 PM</span>
			&middot; <span class='node-duration'>0h 0m 0s+4ms</span>
			<span class='test-status right fail'>fail</span>
		</div>
		<div class='collapsible-body'>
			<div class='node-steps'>
				<table class='bordered table-results'>
					<thead>
						<tr>
							<th>Status</th>
							<th>Timestamp</th>
							<th>Details</th>
						</tr>
					</thead>
					<tbody>
						<tr class='log' status='fail'>
							<td class='status fail' title='fail' alt='fail'><i class='material-icons'>cancel</i></td>
							<td class='timestamp'>2:58:25 PM</td>
							<td class='step-details'>
									<span class='badge white-text red'>EntityUnitBrowserDBA is failed</span>
								
							</td>
						</tr>
					</tbody>
				</table>
			</div>
		</div>
	</li>
</ul>
					</div>
				</li>
				<li class='test displayed active  pass' status='pass' bdd='false' test-id='25'>
					<div class='test-heading'>
						<span class='test-name'>Initialize</span>
						<span class='test-time'>Mar 3, 2021 02:58:25 PM</span>
						<span class='test-status right pass'>pass</span>
					</div>
					<div class='test-content hide'>
<div class='test-time-info'>
	<span class='label start-time'>Mar 3, 2021 02:58:25 PM</span>
	<span class='label end-time'>Mar 3, 2021 02:58:29 PM</span>
	<span class='label time-taken grey lighten-1 white-text'>0h 0m 3s+250ms</span>
</div>
<div class='test-steps'>
	<table class='bordered table-results'>
		<thead>
			<tr>
				<th>Status</th>
				<th>Timestamp</th>
				<th>Details</th>
			</tr>
		</thead>
		<tbody>
			<tr class='log' status='pass'>
				<td class='status pass' title='pass' alt='pass'><i class='material-icons'>check_circle</i></td>
				<td class='timestamp'>2:58:29 PM</td>
				<td class='step-details'>
						<span class='badge white-text green'>Initialize - test case is passed</span>
					
				</td>
			</tr>
		</tbody>
	</table>
</div>
					</div>
				</li>
				<li class='test displayed active has-leaf fail' status='fail' bdd='false' test-id='26'>
					<div class='test-heading'>
						<span class='test-name'>EUB_TaxIds</span>
						<span class='test-time'>Mar 3, 2021 02:58:29 PM</span>
						<span class='test-status right fail'>fail</span>
					</div>
					<div class='test-content hide'>
<div class='test-time-info'>
	<span class='label start-time'>Mar 3, 2021 02:58:29 PM</span>
	<span class='label end-time'>Mar 3, 2021 02:58:29 PM</span>
	<span class='label time-taken grey lighten-1 white-text'>0h 0m 0s+14ms</span>
</div>
<div class='test-steps'>
	<table class='bordered table-results'>
		<thead>
			<tr>
				<th>Status</th>
				<th>Timestamp</th>
				<th>Details</th>
			</tr>
		</thead>
		<tbody>
			<tr class='log' status='fail'>
				<td class='status fail' title='fail' alt='fail'><i class='material-icons'>cancel</i></td>
				<td class='timestamp'>2:58:29 PM</td>
				<td class='step-details'>
						<span class='badge white-text red'>EUB_TaxIds - test case is failed</span>
					
				</td>
			</tr>
			<tr class='log' status='fail'>
				<td class='status fail' title='fail' alt='fail'><i class='material-icons'>cancel</i></td>
				<td class='timestamp'>2:58:29 PM</td>
				<td class='step-details'>
						<span class='badge white-text red'>org.openqa.selenium.NoSuchWindowException: Unable to get browser
Build info: version: '3.141.59', revision: 'e82be7d358', time: '2018-11-14T08:17:03'
System info: host: 'USE2DEVP0672', ip: '10.178.164.5', os.name: 'Windows 10', os.arch: 'amd64', os.version: '10.0', java.version: '15.0.1'
Driver info: org.openqa.selenium.ie.InternetExplorerDriver
Capabilities {acceptInsecureCerts: false, browserName: internet explorer, browserVersion: 11, javascriptEnabled: true, pageLoadStrategy: normal, platform: WINDOWS, platformName: WINDOWS, proxy: Proxy(), se:ieOptions: {browserAttachTimeout: 0, elementScrollBehavior: 0, enablePersistentHover: true, ie.browserCommandLineSwitches: , ie.edgechromium: false, ie.edgepath: , ie.ensureCleanSession: false, ie.fileUploadDialogTimeout: 3000, ie.forceCreateProcessApi: false, ignoreProtectedModeSettings: false, ignoreZoomSetting: false, initialBrowserUrl: http://localhost:19612/, nativeEvents: true, requireWindowFocus: false}, setWindowRect: true, strictFileInteractability: false, timeouts: {implicit: 0, pageLoad: 300000, script: 30000}, unhandledPromptBehavior: dismiss and notify}
Session ID: 04749fd0-a5b4-46ed-ba77-ac3d8df4a8ea - test case failed</span>
					
				</td>
			</tr>
		</tbody>
	</table>
</div>
<ul class='collapsible node-list' data-collapsible='accordion'>
	<li class='node level-1 leaf fail' status='fail' test-id='27'>
		<div class='collapsible-header'>
			<div class='node-name'>Description: Entering UniversalID and Password.<br><< Screen Name : OneSource Login Page >></br></div>
			<span class='node-time'>Mar 3, 2021 02:58:29 PM</span>
			&middot; <span class='node-duration'>0h 0m 0s+14ms</span>
			<span class='test-status right fail'>fail</span>
		</div>
		<div class='collapsible-body'>
			<div class='node-steps'>
				<table class='bordered table-results'>
					<thead>
						<tr>
							<th>Status</th>
							<th>Timestamp</th>
							<th>Details</th>
						</tr>
					</thead>
					<tbody>
						<tr class='log' status='fail'>
							<td class='status fail' title='fail' alt='fail'><i class='material-icons'>cancel</i></td>
							<td class='timestamp'>2:58:29 PM</td>
							<td class='step-details'>
									<span class='badge white-text red'>EUB_TaxIds is failed</span>
								
							</td>
						</tr>
					</tbody>
				</table>
			</div>
		</div>
	</li>
</ul>
					</div>
				</li>
				<li class='test displayed active  pass' status='pass' bdd='false' test-id='28'>
					<div class='test-heading'>
						<span class='test-name'>Initialize</span>
						<span class='test-time'>Mar 3, 2021 02:58:29 PM</span>
						<span class='test-status right pass'>pass</span>
					</div>
					<div class='test-content hide'>
<div class='test-time-info'>
	<span class='label start-time'>Mar 3, 2021 02:58:29 PM</span>
	<span class='label end-time'>Mar 3, 2021 02:58:32 PM</span>
	<span class='label time-taken grey lighten-1 white-text'>0h 0m 3s+60ms</span>
</div>
<div class='test-steps'>
	<table class='bordered table-results'>
		<thead>
			<tr>
				<th>Status</th>
				<th>Timestamp</th>
				<th>Details</th>
			</tr>
		</thead>
		<tbody>
			<tr class='log' status='pass'>
				<td class='status pass' title='pass' alt='pass'><i class='material-icons'>check_circle</i></td>
				<td class='timestamp'>2:58:32 PM</td>
				<td class='step-details'>
						<span class='badge white-text green'>Initialize - test case is passed</span>
					
				</td>
			</tr>
		</tbody>
	</table>
</div>
					</div>
				</li>
				<li class='test displayed active has-leaf fail' status='fail' bdd='false' test-id='29'>
					<div class='test-heading'>
						<span class='test-name'>PageLinks</span>
						<span class='test-time'>Mar 3, 2021 02:58:32 PM</span>
						<span class='test-status right fail'>fail</span>
					</div>
					<div class='test-content hide'>
<div class='test-time-info'>
	<span class='label start-time'>Mar 3, 2021 02:58:32 PM</span>
	<span class='label end-time'>Mar 3, 2021 02:58:32 PM</span>
	<span class='label time-taken grey lighten-1 white-text'>0h 0m 0s+14ms</span>
</div>
<div class='test-steps'>
	<table class='bordered table-results'>
		<thead>
			<tr>
				<th>Status</th>
				<th>Timestamp</th>
				<th>Details</th>
			</tr>
		</thead>
		<tbody>
			<tr class='log' status='fail'>
				<td class='status fail' title='fail' alt='fail'><i class='material-icons'>cancel</i></td>
				<td class='timestamp'>2:58:32 PM</td>
				<td class='step-details'>
						<span class='badge white-text red'>PageLinks - test case is failed</span>
					
				</td>
			</tr>
			<tr class='log' status='fail'>
				<td class='status fail' title='fail' alt='fail'><i class='material-icons'>cancel</i></td>
				<td class='timestamp'>2:58:32 PM</td>
				<td class='step-details'>
						<span class='badge white-text red'>org.openqa.selenium.NoSuchWindowException: Unable to get browser
Build info: version: '3.141.59', revision: 'e82be7d358', time: '2018-11-14T08:17:03'
System info: host: 'USE2DEVP0672', ip: '10.178.164.5', os.name: 'Windows 10', os.arch: 'amd64', os.version: '10.0', java.version: '15.0.1'
Driver info: org.openqa.selenium.ie.InternetExplorerDriver
Capabilities {acceptInsecureCerts: false, browserName: internet explorer, browserVersion: 11, javascriptEnabled: true, pageLoadStrategy: normal, platform: WINDOWS, platformName: WINDOWS, proxy: Proxy(), se:ieOptions: {browserAttachTimeout: 0, elementScrollBehavior: 0, enablePersistentHover: true, ie.browserCommandLineSwitches: , ie.edgechromium: false, ie.edgepath: , ie.ensureCleanSession: false, ie.fileUploadDialogTimeout: 3000, ie.forceCreateProcessApi: false, ignoreProtectedModeSettings: false, ignoreZoomSetting: false, initialBrowserUrl: http://localhost:36949/, nativeEvents: true, requireWindowFocus: false}, setWindowRect: true, strictFileInteractability: false, timeouts: {implicit: 0, pageLoad: 300000, script: 30000}, unhandledPromptBehavior: dismiss and notify}
Session ID: 34d73307-20a9-4e68-9dba-5bde54ed0e69 - test case failed</span>
					
				</td>
			</tr>
		</tbody>
	</table>
</div>
<ul class='collapsible node-list' data-collapsible='accordion'>
	<li class='node level-1 leaf fail' status='fail' test-id='30'>
		<div class='collapsible-header'>
			<div class='node-name'>Description: Entering UniversalID and Password.<br><< Screen Name : OneSource Login Page >></br></div>
			<span class='node-time'>Mar 3, 2021 02:58:32 PM</span>
			&middot; <span class='node-duration'>0h 0m 0s+14ms</span>
			<span class='test-status right fail'>fail</span>
		</div>
		<div class='collapsible-body'>
			<div class='node-steps'>
				<table class='bordered table-results'>
					<thead>
						<tr>
							<th>Status</th>
							<th>Timestamp</th>
							<th>Details</th>
						</tr>
					</thead>
					<tbody>
						<tr class='log' status='fail'>
							<td class='status fail' title='fail' alt='fail'><i class='material-icons'>cancel</i></td>
							<td class='timestamp'>2:58:32 PM</td>
							<td class='step-details'>
									<span class='badge white-text red'>PageLinks is failed</span>
								
							</td>
						</tr>
					</tbody>
				</table>
			</div>
		</div>
	</li>
</ul>
					</div>
				</li>
			</ul>
		</div>
	</div>
	<!-- subview left -->
	<div class='subview-right left'>
		<div class='view-summary'>
			<div id='step-filters' class="right sr-filters">
				<a class="btn-floating waves-effect waves-light green" status="pass" alt="pass" title="pass"><i class="material-icons">check_circle</i></a>
				<a class="btn-floating waves-effect waves-light red" status="fail" alt="fail" title="fail"><i class="material-icons">cancel</i></a>
				<a class="btn-floating waves-effect waves-light red darken-4" status="fatal" alt="fatal" title="fatal"><i class="material-icons">cancel</i></a>
				<a class="btn-floating waves-effect waves-light pink text-lighten-1" status="error" alt="error" title="error"><i class="material-icons">error</i></a>
				<a class="btn-floating waves-effect waves-light orange" alt="warning" status="warning" title="warning"><i class="material-icons">warning</i></a>
				<a class="btn-floating waves-effect waves-light teal" status="skip" alt="skip" title="skip"><i class="material-icons">redo</i></a>
				<a class="btn-floating waves-effect waves-light grey" status="clear" alt="Clear filters" title="Clear filters"><i class="material-icons">clear</i></a>
			</div>
			<h5 class='test-name'></h5>
		</div>
	</div>
	<!-- subview right -->
</div>
<!-- test view --><!-- category view --><div id='exception-view' class='view hide'>
	<section id='controls'>
		<div class='controls grey lighten-4'>
			<!-- search -->
			<div class='chip transparent' alt='Search Tests' title='Search Tests'>
				<a href="#" class='search-div'>
				<i class='material-icons'>search</i> Search
				</a>
				<div class='input-field left hide'>
					<input id='search-tests' type='text' class='validate browser-default' placeholder='Search Tests...'>
				</div>
			</div>
			<!-- search -->
		</div>
	</section>
	<div class='subview-left left'>
		<div class='view-summary'>
			<ul id='exception-collection' class='exception-collection'>
				<li class='exception displayed active'>
					<div class='exception-heading'>
						<span class='exception-name'>org.openqa.selenium.TimeoutException</span>
						<span class='exception-count right'><span class='label red lighten-1 white-text'>1</span></span>
					</div>
					<div class='exception-content hide'>
						<div class='exception-tests'>
							<table class='bordered table-results'>
								<thead>
									<tr>
										<th>Timestamp</th>
										<th>TestName</th>
										<th>Status</th>
									</tr>
								</thead>
								<tbody>
									<tr>
										<td>Mar 3, 2021 02:56:30 PM</td>
										<td class='linked' test-id='12'>EntityUnitBrowser.Description: Description: copy to new entity<br><< Screen Name : Copy Entity >></br></td>
										<td>
											<textarea disabled class="code-block">org.openqa.selenium.TimeoutException: Expected condition failed: waiting for visibility of element located by By.xpath: //input[@id='name'] (tried for 30 second(s) with 500 milliseconds interval)
	at org.openqa.selenium.support.ui.WebDriverWait.timeoutException(WebDriverWait.java:95)
	at org.openqa.selenium.support.ui.FluentWait.until(FluentWait.java:272)
	at com_lib_FunctionLibrary.FrameWork.fnWebEdit(FrameWork.java:21)
	at com_obj_ObjectRepository.LS1.EntityUnitBrowser.copyentity(EntityUnitBrowser.java:649)
	at com_pkg_OSP.EUB_Test.EntityUnitBrowser(EUB_Test.java:103)
	at java.base/jdk.internal.reflect.NativeMethodAccessorImpl.invoke0(Native Method)
	at java.base/jdk.internal.reflect.NativeMethodAccessorImpl.invoke(NativeMethodAccessorImpl.java:64)
	at java.base/jdk.internal.reflect.DelegatingMethodAccessorImpl.invoke(DelegatingMethodAccessorImpl.java:43)
	at java.base/java.lang.reflect.Method.invoke(Method.java:564)
	at org.testng.internal.MethodInvocationHelper.invokeMethod(MethodInvocationHelper.java:124)
	at org.testng.internal.Invoker.invokeMethod(Invoker.java:583)
	at org.testng.internal.Invoker.invokeTestMethod(Invoker.java:719)
	at org.testng.internal.Invoker.invokeTestMethods(Invoker.java:989)
	at org.testng.internal.TestMethodWorker.invokeTestMethods(TestMethodWorker.java:125)
	at org.testng.internal.TestMethodWorker.run(TestMethodWorker.java:109)
	at org.testng.TestRunner.privateRun(TestRunner.java:648)
	at org.testng.TestRunner.run(TestRunner.java:505)
	at org.testng.SuiteRunner.runTest(SuiteRunner.java:455)
	at org.testng.SuiteRunner.runSequentially(SuiteRunner.java:450)
	at org.testng.SuiteRunner.privateRun(SuiteRunner.java:415)
	at org.testng.SuiteRunner.run(SuiteRunner.java:364)
	at org.testng.SuiteRunnerWorker.runSuite(SuiteRunnerWorker.java:52)
	at org.testng.SuiteRunnerWorker.run(SuiteRunnerWorker.java:84)
	at org.testng.TestNG.runSuitesSequentially(TestNG.java:1208)
	at org.testng.TestNG.runSuitesLocally(TestNG.java:1137)
	at org.testng.TestNG.runSuites(TestNG.java:1049)
	at org.testng.TestNG.run(TestNG.java:1017)
	at org.apache.maven.surefire.testng.TestNGExecutor.run(TestNGExecutor.java:283)
	at org.apache.maven.surefire.testng.TestNGXmlTestSuite.execute(TestNGXmlTestSuite.java:75)
	at org.apache.maven.surefire.testng.TestNGProvider.invoke(TestNGProvider.java:120)
	at org.apache.maven.surefire.booter.ForkedBooter.invokeProviderInSameClassLoader(ForkedBooter.java:384)
	at org.apache.maven.surefire.booter.ForkedBooter.runSuitesInProcess(ForkedBooter.java:345)
	at org.apache.maven.surefire.booter.ForkedBooter.execute(ForkedBooter.java:126)
	at org.apache.maven.surefire.booter.ForkedBooter.main(ForkedBooter.java:418)
Caused by: org.openqa.selenium.NoSuchElementException: Unable to find element with xpath == //input[@id='name']
For documentation on this error, please visit: https://www.seleniumhq.org/exceptions/no_such_element.html
Build info: version: '3.141.59', revision: 'e82be7d358', time: '2018-11-14T08:17:03'
System info: host: 'USE2DEVP0672', ip: '10.178.164.5', os.name: 'Windows 10', os.arch: 'amd64', os.version: '10.0', java.version: '15.0.1'
Driver info: org.openqa.selenium.ie.InternetExplorerDriver
Capabilities {acceptInsecureCerts: false, browserName: internet explorer, browserVersion: 11, javascriptEnabled: true, pageLoadStrategy: normal, platform: WINDOWS, platformName: WINDOWS, proxy: Proxy(), se:ieOptions: {browserAttachTimeout: 0, elementScrollBehavior: 0, enablePersistentHover: true, ie.browserCommandLineSwitches: , ie.edgechromium: false, ie.edgepath: , ie.ensureCleanSession: false, ie.fileUploadDialogTimeout: 3000, ie.forceCreateProcessApi: false, ignoreProtectedModeSettings: false, ignoreZoomSetting: false, initialBrowserUrl: http://localhost:43113/, nativeEvents: true, requireWindowFocus: false}, setWindowRect: true, strictFileInteractability: false, timeouts: {implicit: 0, pageLoad: 300000, script: 30000}, unhandledPromptBehavior: dismiss and notify}
Session ID: 8aacd950-b481-4b5b-b1b4-56400e9ac48b
*** Element info: {Using=xpath, value=//input[@id='name']}
	at java.base/jdk.internal.reflect.NativeConstructorAccessorImpl.newInstance0(Native Method)
	at java.base/jdk.internal.reflect.NativeConstructorAccessorImpl.newInstance(NativeConstructorAccessorImpl.java:64)
	at java.base/jdk.internal.reflect.DelegatingConstructorAccessorImpl.newInstance(DelegatingConstructorAccessorImpl.java:45)
	at java.base/java.lang.reflect.Constructor.newInstanceWithCaller(Constructor.java:500)
	at java.base/java.lang.reflect.Constructor.newInstance(Constructor.java:481)
	at org.openqa.selenium.remote.http.W3CHttpResponseCodec.createException(W3CHttpResponseCodec.java:187)
	at org.openqa.selenium.remote.http.W3CHttpResponseCodec.decode(W3CHttpResponseCodec.java:122)
	at org.openqa.selenium.remote.http.W3CHttpResponseCodec.decode(W3CHttpResponseCodec.java:49)
	at org.openqa.selenium.remote.HttpCommandExecutor.execute(HttpCommandExecutor.java:158)
	at org.openqa.selenium.remote.service.DriverCommandExecutor.execute(DriverCommandExecutor.java:83)
	at org.openqa.selenium.remote.RemoteWebDriver.execute(RemoteWebDriver.java:552)
	at org.openqa.selenium.remote.RemoteWebDriver.findElement(RemoteWebDriver.java:323)
	at org.openqa.selenium.remote.RemoteWebDriver.findElementByXPath(RemoteWebDriver.java:428)
	at org.openqa.selenium.By$ByXPath.findElement(By.java:353)
	at org.openqa.selenium.remote.RemoteWebDriver.findElement(RemoteWebDriver.java:315)
	at org.openqa.selenium.support.ui.ExpectedConditions$7.apply(ExpectedConditions.java:205)
	at org.openqa.selenium.support.ui.ExpectedConditions$7.apply(ExpectedConditions.java:201)
	at org.openqa.selenium.support.ui.FluentWait.until(FluentWait.java:249)
	... 32 more
</textarea>
										</td>
									</tr>
								</tbody>
							</table>
						</div>
					</div>
				</li>
			</ul>
		</div>
	</div>
	<div class='subview-right left'>
		<div class='view-summary'>
			<h5 class='exception-name'></h5>
		</div>
	</div>
</div>
<!-- exception view --><div id='dashboard-view' class='view hide'>
	<div class='card-panel transparent np-v'>
		<h5>Dashboard</h5>

		<div class='row'>
			<div class='col s2'>
				<div class='card-panel r'>
					Tests
					<div class='panel-lead'>14</div>
				</div>
			</div>
			<div class='col s2'>
				<div class='card-panel r'>
					Steps
					<div class='panel-lead'>16</div>
				</div>
			</div>
			<div class='col s2'>
				<div class='card-panel r'>
					Start
					<div class='panel-lead'>Mar 3, 2021 02:47:48 PM</div>
				</div>
			</div>
			<div class='col s2'>
				<div class='card-panel r'>
			 		End
			 		<div class='panel-lead'>Mar 3, 2021 02:58:34 PM</div>
				</div>
			</div>
			<div class='col s2'>
				<div class='card-panel r'>
					Time Taken
					<div class='panel-lead'>0h 10m 45s+637ms</div>
				</div>
			</div>
			<div class='col s4'>
				<div class='card-panel dashboard-environment'>
					<span class='right label cyan white-text'>Environment</span><p>&nbsp;</p>
					
					<table>
						<tr>
							<th>Name</th>
							<th>Value</th>
						</tr>
							<tr>
								<td>Organization</td>
								<td>TechMahindra-TR</td>
							</tr>
							<tr>
								<td>HostName</td>
								<td>USE2DEVP0672</td>
							</tr>
					</table>
				</div>
			</div>
		</div>
	</div>
</div>
<!-- dashboard view -->
<!-- testrunner-logs view -->		</div>
		<!-- container -->
		<script>
			var statusGroup = {
                parentCount: 14,
				passParent: 7,
				failParent: 7,
				fatalParent: 0,
				errorParent: 0,
				warningParent: 0,
				skipParent: 0,
				exceptionsParent: 7,
				childCount: 16,
				passChild: 9,
				failChild: 7,
				fatalChild: 0,
				errorChild: 0,
				warningChild: 0,
				skipChild: 0,
				infoChild: 0,
				debugChild: 0,
				exceptionsChild: 7,
				grandChildCount: 0,
				passGrandChild: 0,
				failGrandChild: 0,
				fatalGrandChild: 0,
				errorGrandChild: 0,
				warningGrandChild: 0,
				skipGrandChild: 0,
				infoGrandChild: 0,
				debugGrandChild: 0,
				exceptionsGrandChild: 0,
			};
		</script>
		<script>
			var timeline = {
			        "Initialize":3.938,"EntityUnitBrowser":615.396,"Initialize":5.15,"BusinessTaxInfo":0.013,"Initialize":3.251,"ResponsbilityInfo":0.015,"Initialize":3.495,"KeyContacts":0.014,"Initialize":2.984,"EntityUnitBrowserDBA":0.004,"Initialize":3.25,"EUB_TaxIds":0.014,"Initialize":3.06,"PageLinks":0.014
			};
		</script>
		<script src='https://cdn.rawgit.com/extent-framework/extent-github-cdn/b65cd69/v3html/js/extent.js' type='text/javascript'></script>
		<script type='text/javascript'>
		</script>
	</body>
</html>